<?xml version="1.0" encoding="UTF-8"?>
<testsuite name="com.test.MyTests" time="60.372" tests="20" errors="0" skipped="0" failures="0">
  <properties>
[...]
</properties>
  <testcase name="test10" classname="com.test.MyTests" time="9.636"/>
  <testcase name="test11" classname="com.test.MyTests" time="1.144"/>
  <testcase name="test12" classname="com.test.MyTests" time="1.709"/>
  <testcase name="test13" classname="com.test.MyTests" time="2.121"/>
  <testcase name="test14" classname="com.test.MyTests" time="1.532"/>
  <testcase name="test15" classname="com.test.MyTests" time="1.635"/>
  <testcase name="test16" classname="com.test.MyTests" time="15.987"/>
  <testcase name="test17" classname="com.test.MyTests" time="5.941"/>
  <testcase name="test18" classname="com.test.MyTests" time="1.661"/>
  <testcase name="test19" classname="com.test.MyTests" time="2.108"/>
  <testcase name="test20" classname="com.test.MyTests" time="2.768"/>
  <testcase name="test1" classname="com.test.MyTests" time="1.128"/>
  <testcase name="test2" classname="com.test.MyTests" time="2.362"/>
  <testcase name="test3" classname="com.test.MyTests" time="2.866"/>
  <testcase name="test4" classname="com.test.MyTests" time="0.826"/>
  <testcase name="test5" classname="com.test.MyTests" time="1.114"/>
  <testcase name="test6" classname="com.test.MyTests" time="1.132"/>
  <testcase name="test7" classname="com.test.MyTests" time="0.603"/>
  <testcase name="test8" classname="com.test.MyTests" time="1.846"/>
  <testcase name="test9" classname="com.test.MyTests" time="2.253"/>
</testsuite>